Traceback (most recent call last):
  File "/opt/hostedtoolcache/Python/3.12.3/x64/lib/python3.12/site-packages/jupyter_cache/executors/utils.py", line 58, in single_nb_execution
    executenb(
  File "/opt/hostedtoolcache/Python/3.12.3/x64/lib/python3.12/site-packages/nbclient/client.py", line 1314, in execute
    return NotebookClient(nb=nb, resources=resources, km=km, **kwargs).execute()
           ^^^^^^^^^^^^^^^^^^^^^^^^^^^^^^^^^^^^^^^^^^^^^^^^^^^^^^^^^^^^^^^^^^^^^
  File "/opt/hostedtoolcache/Python/3.12.3/x64/lib/python3.12/site-packages/jupyter_core/utils/__init__.py", line 165, in wrapped
    return loop.run_until_complete(inner)
           ^^^^^^^^^^^^^^^^^^^^^^^^^^^^^^
  File "/opt/hostedtoolcache/Python/3.12.3/x64/lib/python3.12/asyncio/base_events.py", line 687, in run_until_complete
    return future.result()
           ^^^^^^^^^^^^^^^
  File "/opt/hostedtoolcache/Python/3.12.3/x64/lib/python3.12/site-packages/nbclient/client.py", line 709, in async_execute
    await self.async_execute_cell(
  File "/opt/hostedtoolcache/Python/3.12.3/x64/lib/python3.12/site-packages/nbclient/client.py", line 1062, in async_execute_cell
    await self._check_raise_for_error(cell, cell_index, exec_reply)
  File "/opt/hostedtoolcache/Python/3.12.3/x64/lib/python3.12/site-packages/nbclient/client.py", line 918, in _check_raise_for_error
    raise CellExecutionError.from_cell_and_msg(cell, exec_reply_content)
nbclient.exceptions.CellExecutionError: An error occurred while executing the following cell:
------------------
# Import PHYS121.py and then run the installer function.
import PHYS121
PHYS121.Installer()
------------------

----- stderr -----
/home/runner/work/public/public/content/lab6/PHYS121.py:401: SyntaxWarning: invalid escape sequence '\,'
  display(Markdown('$y = m\,x + b$'))
/home/runner/work/public/public/content/lab6/PHYS121.py:521: SyntaxWarning: invalid escape sequence '\,'
  display(Markdown('$y = A\,x^N + C$'))
/home/runner/work/public/public/content/lab6/PHYS121.py:523: SyntaxWarning: invalid escape sequence '\,'
  display(Markdown('$y = A\,(x/1$ ' + xUnits + '$)^N\,+ \,C$'))
/home/runner/work/public/public/content/lab6/PHYS121.py:523: SyntaxWarning: invalid escape sequence '\,'
  display(Markdown('$y = A\,(x/1$ ' + xUnits + '$)^N\,+ \,C$'))
/home/runner/work/public/public/content/lab6/PHYS121.py:773: SyntaxWarning: invalid escape sequence '\,'
  display(Markdown('$y = A\,\sin(2\pi/T x + \phi)$'))
/home/runner/work/public/public/content/lab6/PHYS121.py:775: SyntaxWarning: invalid escape sequence '\,'
  display(Markdown('$y = A\,\sin(2\pi/T x + \phi)$'))
/home/runner/work/public/public/content/lab6/PHYS121.py:803: SyntaxWarning: invalid escape sequence '\p'
  'phase':{'':'$\phi =$', 'Value': '{:0.2ug}'.format(phi), 'Units': 'rad'}}
/home/runner/work/public/public/content/lab6/PHYS121.py:807: SyntaxWarning: invalid escape sequence '\p'
  'phase':{'':'$\phi =$', 'Value': '{:0.2ug}'.format(phi), 'Units': 'rad'}}
/home/runner/work/public/public/content/lab6/PHYS121.py:811: SyntaxWarning: invalid escape sequence '\p'
  'phase':{'':'$\phi =$', 'Value': '{:0.2ug}'.format(phi), 'Units': 'rad'}}
/home/runner/work/public/public/content/lab6/PHYS121.py:815: SyntaxWarning: invalid escape sequence '\p'
  'phase':{'':'$\phi =$', 'Value': '{:0.2ug}'.format(phi)}}
/home/runner/work/public/public/content/lab6/PHYS121.py:898: SyntaxWarning: invalid escape sequence '\m'
  display(Markdown('$y = v_\mathrm{T}\\tau\left[\dfrac{x}{\\tau} - 1 + e^{-x/ \\tau}\\right]$'))
/home/runner/work/public/public/content/lab6/PHYS121.py:919: SyntaxWarning: invalid escape sequence '\m'
  my_dict = {'Terminal Velocity' :{'':'$v_\mathrm{t} =$', 'Value': '{:0.2ug}'.format(v), 'Units': yUnits + '/' + xUnits},
/home/runner/work/public/public/content/lab6/PHYS121.py:922: SyntaxWarning: invalid escape sequence '\m'
  my_dict = {'Terminal Velocity' :{'':'$v_\mathrm{t} =$', 'Value': '{:0.2ug}'.format(v), 'Units': '1/' + xUnits},
/home/runner/work/public/public/content/lab6/PHYS121.py:925: SyntaxWarning: invalid escape sequence '\m'
  my_dict = {'Terminal Velocity' :{'':'$v_\mathrm{t} =$', 'Value': '{:0.2ug}'.format(v), 'Units': yUnits},
/home/runner/work/public/public/content/lab6/PHYS121.py:928: SyntaxWarning: invalid escape sequence '\m'
  my_dict = {'Terminal Velocity' :{'':'$v_\mathrm{t} =$', 'Value': '{:0.2ug}'.format(v)},
/home/runner/work/public/public/content/lab6/PHYS121.py:1019: SyntaxWarning: invalid escape sequence '\m'
  display(Latex(f'The average of the data is $\mu = {num}\, \mathrm{{ {xUnits} }}.$'))
/home/runner/work/public/public/content/lab6/PHYS121.py:1019: SyntaxWarning: invalid escape sequence '\,'
  display(Latex(f'The average of the data is $\mu = {num}\, \mathrm{{ {xUnits} }}.$'))
/home/runner/work/public/public/content/lab6/PHYS121.py:1020: SyntaxWarning: invalid escape sequence '\s'
  display(Latex(f'The standard deviation of the data is $\sigma = {stdDev}\, \mathrm{{ {xUnits} }}.$'))
/home/runner/work/public/public/content/lab6/PHYS121.py:1020: SyntaxWarning: invalid escape sequence '\,'
  display(Latex(f'The standard deviation of the data is $\sigma = {stdDev}\, \mathrm{{ {xUnits} }}.$'))
/home/runner/work/public/public/content/lab6/PHYS121.py:1021: SyntaxWarning: invalid escape sequence '\s'
  display(Latex(f'The standard error of the data is $\sigma_\mu = \sigma/\sqrt{{N}} = \mathrm{stdError}\, \mathrm{{ {xUnits} }}.$'))
/home/runner/work/public/public/content/lab6/PHYS121.py:1021: SyntaxWarning: invalid escape sequence '\m'
  display(Latex(f'The standard error of the data is $\sigma_\mu = \sigma/\sqrt{{N}} = \mathrm{stdError}\, \mathrm{{ {xUnits} }}.$'))
/home/runner/work/public/public/content/lab6/PHYS121.py:1021: SyntaxWarning: invalid escape sequence '\,'
  display(Latex(f'The standard error of the data is $\sigma_\mu = \sigma/\sqrt{{N}} = \mathrm{stdError}\, \mathrm{{ {xUnits} }}.$'))
/home/runner/work/public/public/content/lab6/PHYS121.py:1026: SyntaxWarning: invalid escape sequence '\m'
  display(Latex(f'The average of the data is $\mu = {coeff}' + r'\times' +  f'10^{{ {power} }}\, \mathrm{{ {xUnits} }}.$'))
/home/runner/work/public/public/content/lab6/PHYS121.py:1026: SyntaxWarning: invalid escape sequence '\,'
  display(Latex(f'The average of the data is $\mu = {coeff}' + r'\times' +  f'10^{{ {power} }}\, \mathrm{{ {xUnits} }}.$'))
/home/runner/work/public/public/content/lab6/PHYS121.py:1027: SyntaxWarning: invalid escape sequence '\s'
  display(Latex(f'The standard deviation of the data is $\sigma = {stdDevPrint}' + r'\times' + f'10^{{ {power} }}\, \mathrm{{ {xUnits} }}.$'))
/home/runner/work/public/public/content/lab6/PHYS121.py:1027: SyntaxWarning: invalid escape sequence '\,'
  display(Latex(f'The standard deviation of the data is $\sigma = {stdDevPrint}' + r'\times' + f'10^{{ {power} }}\, \mathrm{{ {xUnits} }}.$'))
/home/runner/work/public/public/content/lab6/PHYS121.py:1028: SyntaxWarning: invalid escape sequence '\s'
  display(Latex(f'The standard error of the data is $\sigma_\mu = \sigma/\sqrt{{N}} = {stdErrorPrint}' + r'\times' + f'10^{{ {power} }}\, \mathrm{{ {xUnits} }}.$'))
/home/runner/work/public/public/content/lab6/PHYS121.py:1028: SyntaxWarning: invalid escape sequence '\,'
  display(Latex(f'The standard error of the data is $\sigma_\mu = \sigma/\sqrt{{N}} = {stdErrorPrint}' + r'\times' + f'10^{{ {power} }}\, \mathrm{{ {xUnits} }}.$'))
----- stderr -----
/home/runner/work/public/public/content/lab6/PHYS121.py:401: SyntaxWarning: invalid escape sequence '\,'
  display(Markdown('$y = m\,x + b$'))
/home/runner/work/public/public/content/lab6/PHYS121.py:521: SyntaxWarning: invalid escape sequence '\,'
  display(Markdown('$y = A\,x^N + C$'))
/home/runner/work/public/public/content/lab6/PHYS121.py:523: SyntaxWarning: invalid escape sequence '\,'
  display(Markdown('$y = A\,(x/1$ ' + xUnits + '$)^N\,+ \,C$'))
/home/runner/work/public/public/content/lab6/PHYS121.py:523: SyntaxWarning: invalid escape sequence '\,'
  display(Markdown('$y = A\,(x/1$ ' + xUnits + '$)^N\,+ \,C$'))
/home/runner/work/public/public/content/lab6/PHYS121.py:773: SyntaxWarning: invalid escape sequence '\,'
  display(Markdown('$y = A\,\sin(2\pi/T x + \phi)$'))
/home/runner/work/public/public/content/lab6/PHYS121.py:775: SyntaxWarning: invalid escape sequence '\,'
  display(Markdown('$y = A\,\sin(2\pi/T x + \phi)$'))
/home/runner/work/public/public/content/lab6/PHYS121.py:803: SyntaxWarning: invalid escape sequence '\p'
  'phase':{'':'$\phi =$', 'Value': '{:0.2ug}'.format(phi), 'Units': 'rad'}}
/home/runner/work/public/public/content/lab6/PHYS121.py:807: SyntaxWarning: invalid escape sequence '\p'
  'phase':{'':'$\phi =$', 'Value': '{:0.2ug}'.format(phi), 'Units': 'rad'}}
/home/runner/work/public/public/content/lab6/PHYS121.py:811: SyntaxWarning: invalid escape sequence '\p'
  'phase':{'':'$\phi =$', 'Value': '{:0.2ug}'.format(phi), 'Units': 'rad'}}
/home/runner/work/public/public/content/lab6/PHYS121.py:815: SyntaxWarning: invalid escape sequence '\p'
  'phase':{'':'$\phi =$', 'Value': '{:0.2ug}'.format(phi)}}
/home/runner/work/public/public/content/lab6/PHYS121.py:898: SyntaxWarning: invalid escape sequence '\m'
  display(Markdown('$y = v_\mathrm{T}\\tau\left[\dfrac{x}{\\tau} - 1 + e^{-x/ \\tau}\\right]$'))
/home/runner/work/public/public/content/lab6/PHYS121.py:919: SyntaxWarning: invalid escape sequence '\m'
  my_dict = {'Terminal Velocity' :{'':'$v_\mathrm{t} =$', 'Value': '{:0.2ug}'.format(v), 'Units': yUnits + '/' + xUnits},
/home/runner/work/public/public/content/lab6/PHYS121.py:922: SyntaxWarning: invalid escape sequence '\m'
  my_dict = {'Terminal Velocity' :{'':'$v_\mathrm{t} =$', 'Value': '{:0.2ug}'.format(v), 'Units': '1/' + xUnits},
/home/runner/work/public/public/content/lab6/PHYS121.py:925: SyntaxWarning: invalid escape sequence '\m'
  my_dict = {'Terminal Velocity' :{'':'$v_\mathrm{t} =$', 'Value': '{:0.2ug}'.format(v), 'Units': yUnits},
/home/runner/work/public/public/content/lab6/PHYS121.py:928: SyntaxWarning: invalid escape sequence '\m'
  my_dict = {'Terminal Velocity' :{'':'$v_\mathrm{t} =$', 'Value': '{:0.2ug}'.format(v)},
/home/runner/work/public/public/content/lab6/PHYS121.py:1019: SyntaxWarning: invalid escape sequence '\m'
  display(Latex(f'The average of the data is $\mu = {num}\, \mathrm{{ {xUnits} }}.$'))
/home/runner/work/public/public/content/lab6/PHYS121.py:1019: SyntaxWarning: invalid escape sequence '\,'
  display(Latex(f'The average of the data is $\mu = {num}\, \mathrm{{ {xUnits} }}.$'))
/home/runner/work/public/public/content/lab6/PHYS121.py:1020: SyntaxWarning: invalid escape sequence '\s'
  display(Latex(f'The standard deviation of the data is $\sigma = {stdDev}\, \mathrm{{ {xUnits} }}.$'))
/home/runner/work/public/public/content/lab6/PHYS121.py:1020: SyntaxWarning: invalid escape sequence '\,'
  display(Latex(f'The standard deviation of the data is $\sigma = {stdDev}\, \mathrm{{ {xUnits} }}.$'))
/home/runner/work/public/public/content/lab6/PHYS121.py:1021: SyntaxWarning: invalid escape sequence '\s'
  display(Latex(f'The standard error of the data is $\sigma_\mu = \sigma/\sqrt{{N}} = \mathrm{stdError}\, \mathrm{{ {xUnits} }}.$'))
/home/runner/work/public/public/content/lab6/PHYS121.py:1021: SyntaxWarning: invalid escape sequence '\m'
  display(Latex(f'The standard error of the data is $\sigma_\mu = \sigma/\sqrt{{N}} = \mathrm{stdError}\, \mathrm{{ {xUnits} }}.$'))
/home/runner/work/public/public/content/lab6/PHYS121.py:1021: SyntaxWarning: invalid escape sequence '\,'
  display(Latex(f'The standard error of the data is $\sigma_\mu = \sigma/\sqrt{{N}} = \mathrm{stdError}\, \mathrm{{ {xUnits} }}.$'))
/home/runner/work/public/public/content/lab6/PHYS121.py:1026: SyntaxWarning: invalid escape sequence '\m'
  display(Latex(f'The average of the data is $\mu = {coeff}' + r'\times' +  f'10^{{ {power} }}\, \mathrm{{ {xUnits} }}.$'))
/home/runner/work/public/public/content/lab6/PHYS121.py:1026: SyntaxWarning: invalid escape sequence '\,'
  display(Latex(f'The average of the data is $\mu = {coeff}' + r'\times' +  f'10^{{ {power} }}\, \mathrm{{ {xUnits} }}.$'))
/home/runner/work/public/public/content/lab6/PHYS121.py:1027: SyntaxWarning: invalid escape sequence '\s'
  display(Latex(f'The standard deviation of the data is $\sigma = {stdDevPrint}' + r'\times' + f'10^{{ {power} }}\, \mathrm{{ {xUnits} }}.$'))
/home/runner/work/public/public/content/lab6/PHYS121.py:1027: SyntaxWarning: invalid escape sequence '\,'
  display(Latex(f'The standard deviation of the data is $\sigma = {stdDevPrint}' + r'\times' + f'10^{{ {power} }}\, \mathrm{{ {xUnits} }}.$'))
/home/runner/work/public/public/content/lab6/PHYS121.py:1028: SyntaxWarning: invalid escape sequence '\s'
  display(Latex(f'The standard error of the data is $\sigma_\mu = \sigma/\sqrt{{N}} = {stdErrorPrint}' + r'\times' + f'10^{{ {power} }}\, \mathrm{{ {xUnits} }}.$'))
/home/runner/work/public/public/content/lab6/PHYS121.py:1028: SyntaxWarning: invalid escape sequence '\,'
  display(Latex(f'The standard error of the data is $\sigma_\mu = \sigma/\sqrt{{N}} = {stdErrorPrint}' + r'\times' + f'10^{{ {power} }}\, \mathrm{{ {xUnits} }}.$'))
------------------

[0;31m---------------------------------------------------------------------------[0m
[0;31mModuleNotFoundError[0m                       Traceback (most recent call last)
Cell [0;32mIn[1], line 2[0m
[1;32m      1[0m [38;5;66;03m# Import PHYS121.py and then run the installer function.[39;00m
[0;32m----> 2[0m [38;5;28;01mimport[39;00m [38;5;21;01mPHYS121[39;00m
[1;32m      3[0m PHYS121[38;5;241m.[39mInstaller()

File [0;32m~/work/public/public/content/lab6/PHYS121.py:16[0m
[1;32m     14[0m [38;5;28;01mimport[39;00m [38;5;21;01mhashlib[39;00m
[1;32m     15[0m [38;5;28;01mfrom[39;00m [38;5;21;01mmatplotlib[39;00m[38;5;21;01m.[39;00m[38;5;21;01mpyplot[39;00m [38;5;28;01mimport[39;00m cm [38;5;66;03m# used to generate a sequence of colours for plotting[39;00m
[0;32m---> 16[0m [38;5;28;01mfrom[39;00m [38;5;21;01mscipy[39;00m[38;5;21;01m.[39;00m[38;5;21;01moptimize[39;00m [38;5;28;01mimport[39;00m curve_fit
[1;32m     17[0m [38;5;28;01mfrom[39;00m [38;5;21;01mIPython[39;00m[38;5;21;01m.[39;00m[38;5;21;01mdisplay[39;00m [38;5;28;01mimport[39;00m HTML [38;5;28;01mas[39;00m html_print
[1;32m     18[0m [38;5;28;01mfrom[39;00m [38;5;21;01mIPython[39;00m[38;5;21;01m.[39;00m[38;5;21;01mdisplay[39;00m [38;5;28;01mimport[39;00m display, Markdown, Latex

[0;31mModuleNotFoundError[0m: No module named 'scipy'

